16:04:00.182 [main] INFO  api.test.fshop.FShopIntegrationsTest - ⚡⚡⚡⚡⚡⚡⚡TC00_getParentId⚡⚡⚡⚡⚡⚡⚡
16:04:00.440 [main] INFO  api.test.fshop.FShopIntegrationsTest - ⚡⚡⚡⚡⚡⚡⚡TC58_fshopIdBasedProductCheckingstockQtyTest⚡⚡⚡⚡⚡⚡⚡
16:04:00.629 [main] INFO  api.test.fshop.FShopIntegrationsTest - ⚡⚡⚡⚡⚡⚡⚡TC59_fshopProductFaqsByIdTest⚡⚡⚡⚡⚡⚡⚡
16:04:00.810 [main] INFO  api.test.fshop.FShopIntegrationsTest - ⚡⚡⚡⚡⚡⚡⚡TC60_fshopProductReviewByIdTest⚡⚡⚡⚡⚡⚡⚡
16:04:01.038 [main] INFO  api.test.fshop.FShopIntegrationsTest - ⚡⚡⚡⚡⚡⚡⚡TC61_fshopSearchProductByQueryTest⚡⚡⚡⚡⚡⚡⚡
16:04:01.241 [main] INFO  api.test.fshop.FShopIntegrationsTest - ⚡⚡⚡⚡⚡⚡⚡TC62_fshopWishlistProductsTest⚡⚡⚡⚡⚡⚡⚡
16:04:01.773 [main] INFO  api.test.show.all.contests.ShowAllContestsTest - ⚡⚡⚡⚡⚡⚡⚡TC00_adminLiveApiTokenGenerator⚡⚡⚡⚡⚡⚡⚡
16:04:02.001 [main] INFO  api.test.show.all.contests.ShowAllContestsTest - ⚡⚡⚡⚡⚡⚡⚡TC00_getUserListId⚡⚡⚡⚡⚡⚡⚡
16:04:02.239 [main] INFO  api.test.show.all.contests.ShowAllContestsTest - ⚡⚡⚡⚡⚡⚡⚡TC24_showAllMyParticipationContestsTest⚡⚡⚡⚡⚡⚡⚡
16:04:02.570 [main] INFO  api.test.show.all.contests.ShowAllContestsTest - ⚡⚡⚡⚡⚡⚡⚡TC24_showAllMyParticipationContestsTest⚡⚡⚡⚡⚡⚡⚡
16:04:02.849 [main] INFO  api.test.show.all.brands.ShowAllBrandsTest - ⚡⚡⚡⚡⚡⚡⚡TC26_showAllBrandsTest⚡⚡⚡⚡⚡⚡⚡
16:04:03.051 [main] INFO  api.test.show.all.brands.ShowAllBrandsTest - ⚡⚡⚡⚡⚡⚡⚡TC27_brandTest⚡⚡⚡⚡⚡⚡⚡
16:04:03.818 [main] INFO  api.test.show.all.brands.ShowAllBrandsTest - ⚡⚡⚡⚡⚡⚡⚡TC00_adminLiveApiTokenGenerator⚡⚡⚡⚡⚡⚡⚡
16:04:04.026 [main] INFO  api.test.show.all.brands.ShowAllBrandsTest - ⚡⚡⚡⚡⚡⚡⚡TC28_followBrandTest⚡⚡⚡⚡⚡⚡⚡
16:04:04.226 [main] INFO  api.test.show.all.brands.ShowAllBrandsTest - ⚡⚡⚡⚡⚡⚡⚡TC29_unfollowBrandTest⚡⚡⚡⚡⚡⚡⚡
16:04:04.424 [main] INFO  api.test.show.all.brands.ShowAllBrandsTest - ⚡⚡⚡⚡⚡⚡⚡TC30_brandContestsTest⚡⚡⚡⚡⚡⚡⚡
16:04:04.730 [main] INFO  api.test.contest.detail.ContestDetailTest - ⚡⚡⚡⚡⚡⚡⚡TC00_getContestDetailsId⚡⚡⚡⚡⚡⚡⚡
16:04:04.984 [main] INFO  api.test.contest.detail.ContestDetailTest - ⚡⚡⚡⚡⚡⚡⚡TC31_contestDetailsTest⚡⚡⚡⚡⚡⚡⚡
16:04:05.263 [main] INFO  api.test.contest.detail.ContestDetailTest - ⚡⚡⚡⚡⚡⚡⚡TC32_detailPageContestVideosTest⚡⚡⚡⚡⚡⚡⚡
16:04:06.156 [main] INFO  api.test.playlist.PlaylistTest - ⚡⚡⚡⚡⚡⚡⚡TC33_topUsersTest⚡⚡⚡⚡⚡⚡⚡
16:04:06.326 [main] INFO  api.test.playlist.PlaylistTest - ⚡⚡⚡⚡⚡⚡⚡TC35_listVideoTypesTest⚡⚡⚡⚡⚡⚡⚡
16:04:06.568 [main] INFO  api.test.search.SearchTest - ⚡⚡⚡⚡⚡⚡⚡TC36_searchUserTest⚡⚡⚡⚡⚡⚡⚡
16:04:06.832 [main] INFO  api.test.search.SearchTest - ⚡⚡⚡⚡⚡⚡⚡TC37_searchVideoHashtagTest⚡⚡⚡⚡⚡⚡⚡
16:04:07.030 [main] INFO  api.test.search.SearchTest - ⚡⚡⚡⚡⚡⚡⚡TC38_searchVideoTest⚡⚡⚡⚡⚡⚡⚡
16:04:07.258 [main] INFO  api.test.search.SearchTest - ⚡⚡⚡⚡⚡⚡⚡TC39_searchContestTest⚡⚡⚡⚡⚡⚡⚡
16:04:07.481 [main] INFO  api.test.video.VideoTest - ⚡⚡⚡⚡⚡⚡⚡TC00_getVideoId⚡⚡⚡⚡⚡⚡⚡
16:04:08.501 [main] INFO  api.test.video.VideoTest - ⚡⚡⚡⚡⚡⚡⚡TC40_showCommentsForVideoTest⚡⚡⚡⚡⚡⚡⚡
16:04:08.678 [main] INFO  api.test.video.VideoTest - ⚡⚡⚡⚡⚡⚡⚡TC41_singleVideoTest⚡⚡⚡⚡⚡⚡⚡
16:04:09.521 [main] INFO  api.test.notification.NotificationTest - ⚡⚡⚡⚡⚡⚡⚡TC00_adminLiveApiTokenGenerator⚡⚡⚡⚡⚡⚡⚡
16:04:09.740 [main] INFO  api.test.notification.NotificationTest - ⚡⚡⚡⚡⚡⚡⚡TC42_showNotificationListTest⚡⚡⚡⚡⚡⚡⚡
11:14:07.832 [main] INFO  api.test.signin.SigninTest - **********Email SignIn***********
11:14:08.696 [main] INFO  api.test.signin.SigninTest - **********Social SignIn***********
11:14:09.187 [main] INFO  api.test.admin.AdminSearchProductTest - ⚡⚡⚡⚡⚡⚡⚡TC00_adminLiveApiTokenGenerator⚡⚡⚡⚡⚡⚡⚡
11:14:09.475 [main] INFO  api.test.admin.AdminSearchProductTest - ⚡⚡⚡⚡⚡⚡⚡TC07_AdminLoginSearchProductTest⚡⚡⚡⚡⚡⚡⚡
11:14:09.766 [main] INFO  api.test.mobile.homepage.HomepageIntegrationsTest - ⚡⚡⚡⚡⚡⚡⚡TC08_homepagePerticularTypeContestsTest⚡⚡⚡⚡⚡⚡⚡
11:14:10.071 [main] INFO  api.test.mobile.homepage.HomepageIntegrationsTest - ⚡⚡⚡⚡⚡⚡⚡TC09_homepageBrandsTest⚡⚡⚡⚡⚡⚡⚡
11:14:10.285 [main] INFO  api.test.mobile.homepage.HomepageIntegrationsTest - ⚡⚡⚡⚡⚡⚡⚡TC10_homepageOffersTest⚡⚡⚡⚡⚡⚡⚡
11:14:10.546 [main] INFO  api.test.mobile.homepage.HomepageIntegrationsTest - ⚡⚡⚡⚡⚡⚡⚡TC11_homepageTopSellingFromTrafficTest⚡⚡⚡⚡⚡⚡⚡
11:14:10.837 [main] INFO  api.test.mobile.homepage.HomepageIntegrationsTest - ⚡⚡⚡⚡⚡⚡⚡TC12_homepageTrendingVideosTrendingTagTest⚡⚡⚡⚡⚡⚡⚡
11:14:13.024 [main] INFO  api.test.mobile.homepage.HomepageIntegrationsTest - ⚡⚡⚡⚡⚡⚡⚡TC13_homepageTalentVideosByHashTagTest⚡⚡⚡⚡⚡⚡⚡
11:14:14.842 [main] INFO  api.test.mobile.homepage.HomepageIntegrationsTest - ⚡⚡⚡⚡⚡⚡⚡TC14_homepageBeautyVideosByHashTagTest⚡⚡⚡⚡⚡⚡⚡
11:14:16.571 [main] INFO  api.test.mobile.homepage.HomepageIntegrationsTest - ⚡⚡⚡⚡⚡⚡⚡TC15_homepageTechVideosByHashTagTest⚡⚡⚡⚡⚡⚡⚡
11:14:18.480 [main] INFO  api.test.mobile.homepage.HomepageIntegrationsTest - ⚡⚡⚡⚡⚡⚡⚡TC16_homepageFashionVideosByHashTagTest⚡⚡⚡⚡⚡⚡⚡
11:14:20.207 [main] INFO  api.test.mobile.homepage.HomepageIntegrationsTest - ⚡⚡⚡⚡⚡⚡⚡TC17_homepageFoodVideosByHashTagTest⚡⚡⚡⚡⚡⚡⚡
11:14:21.940 [main] INFO  api.test.mobile.homepage.HomepageIntegrationsTest - ⚡⚡⚡⚡⚡⚡⚡TC18_homepageSportsVideosByHashTagTest⚡⚡⚡⚡⚡⚡⚡
11:14:23.690 [main] INFO  api.test.mobile.homepage.HomepageIntegrationsTest - ⚡⚡⚡⚡⚡⚡⚡TC19_homepageSmartphoneVideosByHashTagTest⚡⚡⚡⚡⚡⚡⚡
11:14:25.416 [main] INFO  api.test.mobile.homepage.HomepageIntegrationsTest - ⚡⚡⚡⚡⚡⚡⚡TC20_homepageTravelVideosByHashTagTest⚡⚡⚡⚡⚡⚡⚡
11:14:27.073 [main] INFO  api.test.mobile.homepage.HomepageIntegrationsTest - ⚡⚡⚡⚡⚡⚡⚡TC21_homepageDecorVideosByHashTagTest⚡⚡⚡⚡⚡⚡⚡
11:14:28.797 [main] INFO  api.test.mobile.homepage.HomepageIntegrationsTest - ⚡⚡⚡⚡⚡⚡⚡TC22_homepageHomeapplianceVideosByHashTagTest⚡⚡⚡⚡⚡⚡⚡
11:14:29.050 [main] INFO  api.test.mobile.homepage.HomepageIntegrationsTest - ⚡⚡⚡⚡⚡⚡⚡TC23_homepageTrendingVideosNewTagTest⚡⚡⚡⚡⚡⚡⚡
11:14:29.664 [main] INFO  api.test.fshop.FShopIntegrationsTest - ⚡⚡⚡⚡⚡⚡⚡TC00_signUpTokenGenerationTest⚡⚡⚡⚡⚡⚡⚡
11:14:30.125 [main] INFO  api.test.fshop.FShopIntegrationsTest - ⚡⚡⚡⚡⚡⚡⚡TC00_adminSignInTokenGenerationTest⚡⚡⚡⚡⚡⚡⚡
11:14:30.288 [main] INFO  api.test.fshop.FShopIntegrationsTest - ⚡⚡⚡⚡⚡⚡⚡TC43_fshopcartProductsTest⚡⚡⚡⚡⚡⚡⚡
11:14:30.449 [main] INFO  api.test.fshop.FShopIntegrationsTest - ⚡⚡⚡⚡⚡⚡⚡TC44_fshopDashboardShippingAddressesTest⚡⚡⚡⚡⚡⚡⚡
11:14:30.611 [main] INFO  api.test.fshop.FShopIntegrationsTest - ⚡⚡⚡⚡⚡⚡⚡TC45_fshopDashboardReviewByUserTest⚡⚡⚡⚡⚡⚡⚡
11:14:30.768 [main] INFO  api.test.fshop.FShopIntegrationsTest - ⚡⚡⚡⚡⚡⚡⚡TC46_fshopDashboardSupportTicketsTest⚡⚡⚡⚡⚡⚡⚡
11:14:30.943 [main] INFO  api.test.fshop.FShopIntegrationsTest - ⚡⚡⚡⚡⚡⚡⚡TC47_fshopHomeParentCategoriesTest⚡⚡⚡⚡⚡⚡⚡
11:14:31.115 [main] INFO  api.test.fshop.FShopIntegrationsTest - ⚡⚡⚡⚡⚡⚡⚡TC48_fshopHomeFlashSalesTest⚡⚡⚡⚡⚡⚡⚡
11:14:31.254 [main] INFO  api.test.fshop.FShopIntegrationsTest - ⚡⚡⚡⚡⚡⚡⚡TC49_fshopHomePromotionalOffersTest⚡⚡⚡⚡⚡⚡⚡
11:14:34.370 [main] INFO  api.test.fshop.FShopIntegrationsTest - ⚡⚡⚡⚡⚡⚡⚡TC50_fshopHomeTopSellingBrandsTest⚡⚡⚡⚡⚡⚡⚡
11:14:35.171 [main] INFO  api.test.fshop.FShopIntegrationsTest - ⚡⚡⚡⚡⚡⚡⚡TC00_getCategoryId⚡⚡⚡⚡⚡⚡⚡
11:14:35.323 [main] INFO  api.test.fshop.FShopIntegrationsTest - ⚡⚡⚡⚡⚡⚡⚡TC51_fshopHomeProductsByCategoryTest⚡⚡⚡⚡⚡⚡⚡
11:14:35.490 [main] INFO  api.test.fshop.FShopIntegrationsTest - ⚡⚡⚡⚡⚡⚡⚡TC52_fshopHomeMainBannersTest⚡⚡⚡⚡⚡⚡⚡
11:14:35.656 [main] INFO  api.test.fshop.FShopIntegrationsTest - ⚡⚡⚡⚡⚡⚡⚡TC53_fshopHomeOfferBannersTest⚡⚡⚡⚡⚡⚡⚡
11:14:35.819 [main] INFO  api.test.fshop.FShopIntegrationsTest - ⚡⚡⚡⚡⚡⚡⚡TC00_getParentId⚡⚡⚡⚡⚡⚡⚡
11:14:36.024 [main] INFO  api.test.fshop.FShopIntegrationsTest - ⚡⚡⚡⚡⚡⚡⚡TC54_fshopHomeCategoryChildrensTest⚡⚡⚡⚡⚡⚡⚡
11:14:36.486 [main] INFO  api.test.fshop.FShopIntegrationsTest - ⚡⚡⚡⚡⚡⚡⚡TC55_fshopHomeFilterHotdealsTest⚡⚡⚡⚡⚡⚡⚡
11:14:36.646 [main] INFO  api.test.fshop.FShopIntegrationsTest - ⚡⚡⚡⚡⚡⚡⚡TC00_getBannerId⚡⚡⚡⚡⚡⚡⚡
11:14:36.819 [main] INFO  api.test.fshop.FShopIntegrationsTest - ⚡⚡⚡⚡⚡⚡⚡TC56_fshopHomeBannerProductsTest⚡⚡⚡⚡⚡⚡⚡
11:14:36.976 [main] INFO  api.test.fshop.FShopIntegrationsTest - ⚡⚡⚡⚡⚡⚡⚡TC57_fshopOrdersByUserTest⚡⚡⚡⚡⚡⚡⚡
11:14:37.238 [main] INFO  api.test.fshop.FShopIntegrationsTest - ⚡⚡⚡⚡⚡⚡⚡TC00_getParentId⚡⚡⚡⚡⚡⚡⚡
11:14:37.413 [main] INFO  api.test.fshop.FShopIntegrationsTest - ⚡⚡⚡⚡⚡⚡⚡TC58_fshopIdBasedProductCheckingstockQtyTest⚡⚡⚡⚡⚡⚡⚡
11:14:37.556 [main] INFO  api.test.fshop.FShopIntegrationsTest - ⚡⚡⚡⚡⚡⚡⚡TC59_fshopProductFaqsByIdTest⚡⚡⚡⚡⚡⚡⚡
11:14:37.701 [main] INFO  api.test.fshop.FShopIntegrationsTest - ⚡⚡⚡⚡⚡⚡⚡TC60_fshopProductReviewByIdTest⚡⚡⚡⚡⚡⚡⚡
11:14:37.873 [main] INFO  api.test.fshop.FShopIntegrationsTest - ⚡⚡⚡⚡⚡⚡⚡TC61_fshopSearchProductByQueryTest⚡⚡⚡⚡⚡⚡⚡
11:14:38.023 [main] INFO  api.test.fshop.FShopIntegrationsTest - ⚡⚡⚡⚡⚡⚡⚡TC62_fshopWishlistProductsTest⚡⚡⚡⚡⚡⚡⚡
11:14:38.404 [main] INFO  api.test.show.all.contests.ShowAllContestsTest - ⚡⚡⚡⚡⚡⚡⚡TC00_adminLiveApiTokenGenerator⚡⚡⚡⚡⚡⚡⚡
11:14:38.572 [main] INFO  api.test.show.all.contests.ShowAllContestsTest - ⚡⚡⚡⚡⚡⚡⚡TC00_getUserListId⚡⚡⚡⚡⚡⚡⚡
11:14:38.747 [main] INFO  api.test.show.all.contests.ShowAllContestsTest - ⚡⚡⚡⚡⚡⚡⚡TC24_showAllMyParticipationContestsTest⚡⚡⚡⚡⚡⚡⚡
11:14:38.990 [main] INFO  api.test.show.all.contests.ShowAllContestsTest - ⚡⚡⚡⚡⚡⚡⚡TC24_showAllMyParticipationContestsTest⚡⚡⚡⚡⚡⚡⚡
11:14:39.221 [main] INFO  api.test.show.all.brands.ShowAllBrandsTest - ⚡⚡⚡⚡⚡⚡⚡TC26_showAllBrandsTest⚡⚡⚡⚡⚡⚡⚡
11:14:39.380 [main] INFO  api.test.show.all.brands.ShowAllBrandsTest - ⚡⚡⚡⚡⚡⚡⚡TC27_brandTest⚡⚡⚡⚡⚡⚡⚡
11:14:39.767 [main] INFO  api.test.show.all.brands.ShowAllBrandsTest - ⚡⚡⚡⚡⚡⚡⚡TC00_adminLiveApiTokenGenerator⚡⚡⚡⚡⚡⚡⚡
11:14:39.958 [main] INFO  api.test.show.all.brands.ShowAllBrandsTest - ⚡⚡⚡⚡⚡⚡⚡TC28_followBrandTest⚡⚡⚡⚡⚡⚡⚡
11:14:40.148 [main] INFO  api.test.show.all.brands.ShowAllBrandsTest - ⚡⚡⚡⚡⚡⚡⚡TC29_unfollowBrandTest⚡⚡⚡⚡⚡⚡⚡
11:14:40.317 [main] INFO  api.test.show.all.brands.ShowAllBrandsTest - ⚡⚡⚡⚡⚡⚡⚡TC30_brandContestsTest⚡⚡⚡⚡⚡⚡⚡
11:14:40.553 [main] INFO  api.test.contest.detail.ContestDetailTest - ⚡⚡⚡⚡⚡⚡⚡TC00_getContestDetailsId⚡⚡⚡⚡⚡⚡⚡
11:14:40.720 [main] INFO  api.test.contest.detail.ContestDetailTest - ⚡⚡⚡⚡⚡⚡⚡TC31_contestDetailsTest⚡⚡⚡⚡⚡⚡⚡
11:14:40.951 [main] INFO  api.test.contest.detail.ContestDetailTest - ⚡⚡⚡⚡⚡⚡⚡TC32_detailPageContestVideosTest⚡⚡⚡⚡⚡⚡⚡
11:14:41.542 [main] INFO  api.test.playlist.PlaylistTest - ⚡⚡⚡⚡⚡⚡⚡TC33_topUsersTest⚡⚡⚡⚡⚡⚡⚡
11:14:41.683 [main] INFO  api.test.playlist.PlaylistTest - ⚡⚡⚡⚡⚡⚡⚡TC35_listVideoTypesTest⚡⚡⚡⚡⚡⚡⚡
11:14:41.858 [main] INFO  api.test.search.SearchTest - ⚡⚡⚡⚡⚡⚡⚡TC36_searchUserTest⚡⚡⚡⚡⚡⚡⚡
11:14:42.035 [main] INFO  api.test.search.SearchTest - ⚡⚡⚡⚡⚡⚡⚡TC37_searchVideoHashtagTest⚡⚡⚡⚡⚡⚡⚡
11:14:42.194 [main] INFO  api.test.search.SearchTest - ⚡⚡⚡⚡⚡⚡⚡TC38_searchVideoTest⚡⚡⚡⚡⚡⚡⚡
11:14:42.338 [main] INFO  api.test.search.SearchTest - ⚡⚡⚡⚡⚡⚡⚡TC39_searchContestTest⚡⚡⚡⚡⚡⚡⚡
11:14:42.521 [main] INFO  api.test.video.VideoTest - ⚡⚡⚡⚡⚡⚡⚡TC00_getVideoId⚡⚡⚡⚡⚡⚡⚡
11:14:43.336 [main] INFO  api.test.video.VideoTest - ⚡⚡⚡⚡⚡⚡⚡TC40_showCommentsForVideoTest⚡⚡⚡⚡⚡⚡⚡
11:14:43.480 [main] INFO  api.test.video.VideoTest - ⚡⚡⚡⚡⚡⚡⚡TC41_singleVideoTest⚡⚡⚡⚡⚡⚡⚡
11:14:43.857 [main] INFO  api.test.notification.NotificationTest - ⚡⚡⚡⚡⚡⚡⚡TC00_adminLiveApiTokenGenerator⚡⚡⚡⚡⚡⚡⚡
11:14:44.021 [main] INFO  api.test.notification.NotificationTest - ⚡⚡⚡⚡⚡⚡⚡TC42_showNotificationListTest⚡⚡⚡⚡⚡⚡⚡
